Arguments: 
  D:\nodejs\node.exe C:\Users\HCC\AppData\Roaming\npm\node_modules\yarn\bin\yarn.js init

PATH: 
  C:\Users\HCC\bin;D:\Git\mingw64\bin;D:\Git\usr\local\bin;D:\Git\usr\bin;D:\Git\usr\bin;D:\Git\mingw64\bin;D:\Git\usr\bin;C:\Users\HCC\bin;D:\Ruby31-x64\bin;C:\WINDOWS\system32;C:\WINDOWS;C:\WINDOWS\System32\Wbem;C:\WINDOWS\System32\WindowsPowerShell\v1.0;C:\WINDOWS\System32\OpenSSH;D:\Bandizip;D:\Microsoft VS Code\bin;D:\nodejs;D:\Git\cmd;C:\Program Files\Microsoft SQL Server\130\Tools\Binn;C:\Program Files (x86)\NVIDIA Corporation\PhysX\Common;C:\Program Files\python;C:\Program Files\python\Scripts;D:\BtSoft\panel\script;C:\Program Files\python;C:\Program Files\python\Scripts;D:\BtSoft\panel\script;D:\Ruby31-x64\bin;C:\Users\HCC\AppData\Local\Microsoft\WindowsApps;C:\Users\HCC\AppData\Roaming\npm;D:\Users\HCC\AppData\Local\Programs\Microsoft VS Code\bin;D:\Git\usr\bin\vendor_perl;D:\Git\usr\bin\core_perl

Yarn version: 
  1.22.19

Node version: 
  16.13.1

Platform: 
  win32 x64

Trace: 
  Error: Can't answer a question unless a user TTY
      at ConsoleReporter.question (C:\Users\HCC\AppData\Roaming\npm\node_modules\yarn\lib\cli.js:92864:59)
      at Object.<anonymous> (C:\Users\HCC\AppData\Roaming\npm\node_modules\yarn\lib\cli.js:85054:38)
      at Generator.next (<anonymous>)
      at step (C:\Users\HCC\AppData\Roaming\npm\node_modules\yarn\lib\cli.js:310:30)
      at C:\Users\HCC\AppData\Roaming\npm\node_modules\yarn\lib\cli.js:321:13

npm manifest: 
  No manifest

yarn manifest: 
  No manifest

Lockfile: 
  No lockfile
